<?xml version="1.0" encoding="UTF-8"?>
<coverage generated="1645367974945" clover="3.2.0">
  <project timestamp="1645367974946" name="All files">
    <metrics statements="31" coveredstatements="27" conditionals="4" coveredconditionals="4" methods="3" coveredmethods="2" elements="38" coveredelements="33" complexity="0" loc="31" ncloc="31" packages="1" files="2" classes="2"/>
    <file name="product_client.js" path="C:\0.프로그래밍\21년도\리액트\tdd-javascript\src\mock\product\product_client.js">
      <metrics statements="8" coveredstatements="4" conditionals="0" coveredconditionals="0" methods="1" coveredmethods="0"/>
      <line num="1" count="1" type="stmt"/>
      <line num="2" count="1" type="stmt"/>
      <line num="3" count="0" type="stmt"/>
      <line num="4" count="0" type="stmt"/>
      <line num="5" count="0" type="stmt"/>
      <line num="6" count="0" type="stmt"/>
      <line num="7" count="1" type="stmt"/>
      <line num="8" count="1" type="stmt"/>
    </file>
    <file name="product_service_no_di.js" path="C:\0.프로그래밍\21년도\리액트\tdd-javascript\src\mock\product\product_service_no_di.js">
      <metrics statements="23" coveredstatements="23" conditionals="4" coveredconditionals="4" methods="2" coveredmethods="2"/>
      <line num="1" count="1" type="stmt"/>
      <line num="2" count="1" type="stmt"/>
      <line num="3" count="1" type="stmt"/>
      <line num="4" count="1" type="stmt"/>
      <line num="5" count="1" type="stmt"/>
      <line num="6" count="1" type="stmt"/>
      <line num="7" count="1" type="stmt"/>
      <line num="8" count="1" type="cond" truecount="1" falsecount="0"/>
      <line num="9" count="1" type="stmt"/>
      <line num="10" count="1" type="stmt"/>
      <line num="11" count="1" type="stmt"/>
      <line num="12" count="1" type="stmt"/>
      <line num="13" count="1" type="stmt"/>
      <line num="14" count="1" type="stmt"/>
      <line num="15" count="1" type="stmt"/>
      <line num="16" count="1" type="cond" truecount="1" falsecount="0"/>
      <line num="17" count="1" type="stmt"/>
      <line num="18" count="1" type="stmt"/>
      <line num="19" count="1" type="cond" truecount="2" falsecount="0"/>
      <line num="20" count="1" type="stmt"/>
      <line num="21" count="1" type="stmt"/>
      <line num="22" count="1" type="stmt"/>
      <line num="23" count="1" type="stmt"/>
    </file>
  </project>
</coverage>
