{"C:\\0.프로그래밍\\21년도\\리액트\\tdd-javascript\\src\\basic\\async.js": {"path":"C:\\0.프로그래밍\\21년도\\리액트\\tdd-javascript\\src\\basic\\async.js","all":false,"statementMap":{"0":{"start":{"line":1,"column":0},"end":{"line":1,"column":29}},"1":{"start":{"line":2,"column":0},"end":{"line":2,"column":23}},"2":{"start":{"line":3,"column":0},"end":{"line":3,"column":41}},"3":{"start":{"line":4,"column":0},"end":{"line":4,"column":2}},"4":{"start":{"line":5,"column":0},"end":{"line":5,"column":51}},"5":{"start":{"line":6,"column":0},"end":{"line":6,"column":1}},"6":{"start":{"line":7,"column":0},"end":{"line":7,"column":30}}},"s":{"0":5,"1":5,"2":1,"3":1,"4":4,"5":4,"6":1},"branchMap":{"0":{"type":"branch","line":1,"loc":{"start":{"line":1,"column":0},"end":{"line":6,"column":1}},"locations":[{"start":{"line":1,"column":0},"end":{"line":6,"column":1}}]},"1":{"type":"branch","line":2,"loc":{"start":{"line":2,"column":22},"end":{"line":4,"column":2}},"locations":[{"start":{"line":2,"column":22},"end":{"line":4,"column":2}}]},"2":{"type":"branch","line":5,"loc":{"start":{"line":5,"column":-2},"end":{"line":6,"column":1}},"locations":[{"start":{"line":5,"column":-2},"end":{"line":6,"column":1}}]}},"b":{"0":[5],"1":[1],"2":[4]},"fnMap":{"0":{"name":"fetchProduct","decl":{"start":{"line":1,"column":0},"end":{"line":6,"column":1}},"loc":{"start":{"line":1,"column":0},"end":{"line":6,"column":1}},"line":1}},"f":{"0":5}}
}
