TN:
SF:src\mock\product\product_service.js
FN:2,ProductService
FN:10,fetchAvailablesItems
FNF:2
FNH:2
FNDA:1,ProductService
FNDA:1,fetchAvailablesItems
DA:1,1
DA:2,1
DA:3,1
DA:4,1
DA:5,1
DA:6,1
DA:7,1
DA:8,1
DA:9,1
DA:10,1
DA:11,1
DA:12,1
DA:13,1
DA:14,1
DA:15,1
DA:16,1
DA:17,1
LF:17
LH:17
BRDA:2,0,0,1
BRDA:10,1,0,1
BRDA:13,2,0,1
BRDA:13,3,0,2
BRF:4
BRH:4
end_of_record
TN:
SF:src\mock\product\product_service_no_di.js
FN:7,ProductService
FN:15,fetchAvailablesItems
FNF:2
FNH:2
FNDA:1,ProductService
FNDA:1,fetchAvailablesItems
DA:1,1
DA:2,1
DA:3,1
DA:4,1
DA:5,1
DA:6,1
DA:7,1
DA:8,1
DA:9,1
DA:10,1
DA:11,1
DA:12,1
DA:13,1
DA:14,1
DA:15,1
DA:16,1
DA:17,1
DA:18,1
DA:19,1
DA:20,1
DA:21,1
DA:22,1
LF:22
LH:22
BRDA:7,0,0,1
BRDA:15,1,0,1
BRDA:18,2,0,1
BRDA:18,3,0,2
BRF:4
BRH:4
end_of_record
TN:
SF:src\mock\product\test\stub_product_client.js
FN:2,fetchItems
FNF:1
FNH:1
FNDA:1,fetchItems
DA:1,1
DA:2,1
DA:3,1
DA:4,1
DA:5,1
DA:6,1
DA:7,1
DA:8,1
DA:9,1
DA:10,1
LF:10
LH:10
BRDA:2,0,0,1
BRF:1
BRH:1
end_of_record
